# JRE version: OpenJDK Runtime Environment (11.0.15) (build 11.0.15+0-b2043.56-8887301)
# Java VM: OpenJDK 64-Bit Server VM (11.0.15+0-b2043.56-8887301, mixed mode, tiered, compressed oops, g1 gc, bsd-amd64)
Heap:
 garbage-first heap   total 157696K, used 83250K [0x0000000780000000, 0x0000000800000000)
  region size 1024K, 15 young (15360K), 7 survivors (7168K)
 Metaspace       used 84252K, capacity 86370K, committed 86428K, reserved 1124352K
  class space    used 10965K, capacity 11782K, committed 11800K, reserved 1048576K
GC Heap History (20 events):
Event: 5.347 GC heap before
{Heap before GC invocations=10 (full 0):
 garbage-first heap   total 131072K, used 80344K [0x0000000780000000, 0x0000000800000000)
  region size 1024K, 59 young (60416K), 8 survivors (8192K)
 Metaspace       used 43721K, capacity 44864K, committed 45212K, reserved 1089536K
  class space    used 5621K, capacity 6059K, committed 6168K, reserved 1048576K
}
Event: 5.356 GC heap after
{Heap after GC invocations=11 (full 0):
 garbage-first heap   total 157696K, used 31570K [0x0000000780000000, 0x0000000800000000)
  region size 1024K, 4 young (4096K), 4 survivors (4096K)
 Metaspace       used 43721K, capacity 44864K, committed 45212K, reserved 1089536K
  class space    used 5621K, capacity 6059K, committed 6168K, reserved 1048576K
}
Event: 6.141 GC heap before
{Heap before GC invocations=11 (full 0):
 garbage-first heap   total 157696K, used 95058K [0x0000000780000000, 0x0000000800000000)
  region size 1024K, 66 young (67584K), 4 survivors (4096K)
 Metaspace       used 48645K, capacity 50009K, committed 50204K, reserved 1093632K
  class space    used 6210K, capacity 6727K, committed 6808K, reserved 1048576K
}
Event: 6.147 GC heap after
{Heap after GC invocations=12 (full 0):
 garbage-first heap   total 157696K, used 34127K [0x0000000780000000, 0x0000000800000000)
  region size 1024K, 7 young (7168K), 7 survivors (7168K)
 Metaspace       used 48645K, capacity 50009K, committed 50204K, reserved 1093632K
  class space    used 6210K, capacity 6727K, committed 6808K, reserved 1048576K
}
Event: 7.109 GC heap before
{Heap before GC invocations=12 (full 0):
 garbage-first heap   total 157696K, used 107855K [0x0000000780000000, 0x0000000800000000)
  region size 1024K, 71 young (72704K), 7 survivors (7168K)
 Metaspace       used 52133K, capacity 53643K, committed 53788K, reserved 1095680K
  class space    used 6634K, capacity 7221K, committed 7320K, reserved 1048576K
}
Event: 7.122 GC heap after
{Heap after GC invocations=13 (full 0):
 garbage-first heap   total 157696K, used 53171K [0x0000000780000000, 0x0000000800000000)
  region size 1024K, 9 young (9216K), 9 survivors (9216K)
 Metaspace       used 52133K, capacity 53643K, committed 53788K, reserved 1095680K
  class space    used 6634K, capacity 7221K, committed 7320K, reserved 1048576K
}
Event: 8.170 GC heap before
{Heap before GC invocations=13 (full 0):
 garbage-first heap   total 157696K, used 110515K [0x0000000780000000, 0x0000000800000000)
  region size 1024K, 65 young (66560K), 9 survivors (9216K)
 Metaspace       used 60144K, capacity 61903K, committed 62236K, reserved 1103872K
  class space    used 7598K, capacity 8268K, committed 8344K, reserved 1048576K
}
Event: 8.179 GC heap after
{Heap after GC invocations=14 (full 0):
 garbage-first heap   total 157696K, used 57538K [0x0000000780000000, 0x0000000800000000)
  region size 1024K, 4 young (4096K), 4 survivors (4096K)
 Metaspace       used 60144K, capacity 61903K, committed 62236K, reserved 1103872K
  class space    used 7598K, capacity 8268K, committed 8344K, reserved 1048576K
}
Event: 9.040 GC heap before
{Heap before GC invocations=14 (full 0):
 garbage-first heap   total 157696K, used 121026K [0x0000000780000000, 0x0000000800000000)
  region size 1024K, 59 young (60416K), 4 survivors (4096K)
 Metaspace       used 63744K, capacity 65588K, committed 65820K, reserved 1105920K
  class space    used 8031K, capacity 8736K, committed 8856K, reserved 1048576K
}
Event: 9.045 GC heap after
{Heap after GC invocations=15 (full 0):
 garbage-first heap   total 157696K, used 61716K [0x0000000780000000, 0x0000000800000000)
  region size 1024K, 8 young (8192K), 8 survivors (8192K)
 Metaspace       used 63744K, capacity 65588K, committed 65820K, reserved 1105920K
  class space    used 8031K, capacity 8736K, committed 8856K, reserved 1048576K
}
Event: 9.601 GC heap before
{Heap before GC invocations=15 (full 0):
 garbage-first heap   total 157696K, used 91412K [0x0000000780000000, 0x0000000800000000)
  region size 1024K, 37 young (37888K), 8 survivors (8192K)
 Metaspace       used 67282K, capacity 69108K, committed 69276K, reserved 1110016K
  class space    used 8492K, capacity 9194K, committed 9240K, reserved 1048576K
}
Event: 9.609 GC heap after
{Heap after GC invocations=16 (full 0):
 garbage-first heap   total 157696K, used 63772K [0x0000000780000000, 0x0000000800000000)
  region size 1024K, 3 young (3072K), 3 survivors (3072K)
 Metaspace       used 67282K, capacity 69108K, committed 69276K, reserved 1110016K
  class space    used 8492K, capacity 9194K, committed 9240K, reserved 1048576K
}
Event: 10.129 GC heap before
{Heap before GC invocations=17 (full 0):
 garbage-first heap   total 157696K, used 115996K [0x0000000780000000, 0x0000000800000000)
  region size 1024K, 54 young (55296K), 3 survivors (3072K)
 Metaspace       used 69000K, capacity 70862K, committed 71324K, reserved 1112064K
  class space    used 8709K, capacity 9409K, committed 9496K, reserved 1048576K
}
Event: 10.136 GC heap after
{Heap after GC invocations=18 (full 0):
 garbage-first heap   total 157696K, used 66618K [0x0000000780000000, 0x0000000800000000)
  region size 1024K, 5 young (5120K), 5 survivors (5120K)
 Metaspace       used 69000K, capacity 70862K, committed 71324K, reserved 1112064K
  class space    used 8709K, capacity 9409K, committed 9496K, reserved 1048576K
}
Event: 10.895 GC heap before
{Heap before GC invocations=18 (full 0):
 garbage-first heap   total 157696K, used 118842K [0x0000000780000000, 0x0000000800000000)
  region size 1024K, 56 young (57344K), 5 survivors (5120K)
 Metaspace       used 72921K, capacity 74819K, committed 75292K, reserved 1114112K
  class space    used 9309K, capacity 10023K, committed 10136K, reserved 1048576K
}
Event: 10.902 GC heap after
{Heap after GC invocations=19 (full 0):
 garbage-first heap   total 157696K, used 69831K [0x0000000780000000, 0x0000000800000000)
  region size 1024K, 7 young (7168K), 7 survivors (7168K)
 Metaspace       used 72921K, capacity 74819K, committed 75292K, reserved 1114112K
  class space    used 9309K, capacity 10023K, committed 10136K, reserved 1048576K
}
Event: 11.909 GC heap before
{Heap before GC invocations=19 (full 0):
 garbage-first heap   total 157696K, used 122055K [0x0000000780000000, 0x0000000800000000)
  region size 1024K, 58 young (59392K), 7 survivors (7168K)
 Metaspace       used 78158K, capacity 80096K, committed 80540K, reserved 1118208K
  class space    used 10122K, capacity 10888K, committed 11032K, reserved 1048576K
}
Event: 11.919 GC heap after
{Heap after GC invocations=20 (full 0):
 garbage-first heap   total 157696K, used 73343K [0x0000000780000000, 0x0000000800000000)
  region size 1024K, 7 young (7168K), 7 survivors (7168K)
 Metaspace       used 78158K, capacity 80096K, committed 80540K, reserved 1118208K
  class space    used 10122K, capacity 10888K, committed 11032K, reserved 1048576K
}
Event: 12.734 GC heap before
{Heap before GC invocations=20 (full 0):
 garbage-first heap   total 157696K, used 124543K [0x0000000780000000, 0x0000000800000000)
  region size 1024K, 57 young (58368K), 7 survivors (7168K)
 Metaspace       used 83560K, capacity 85767K, committed 85916K, reserved 1124352K
  class space    used 10858K, capacity 11709K, committed 11800K, reserved 1048576K
}
Event: 12.743 GC heap after
{Heap after GC invocations=21 (full 0):
 garbage-first heap   total 157696K, used 76082K [0x0000000780000000, 0x0000000800000000)
  region size 1024K, 7 young (7168K), 7 survivors (7168K)
 Metaspace       used 83560K, capacity 85767K, committed 85916K, reserved 1124352K
  class space    used 10858K, capacity 11709K, committed 11800K, reserved 1048576K
}

