# JRE version: OpenJDK Runtime Environment (11.0.15) (build 11.0.15+0-b2043.56-8887301)
# Java VM: OpenJDK 64-Bit Server VM (11.0.15+0-b2043.56-8887301, mixed mode, tiered, compressed oops, g1 gc, bsd-amd64)
Heap:
 garbage-first heap   total 189440K, used 130294K [0x0000000780000000, 0x0000000800000000)
  region size 1024K, 36 young (36864K), 7 survivors (7168K)
 Metaspace       used 91241K, capacity 93837K, committed 94108K, reserved 1130496K
  class space    used 11803K, capacity 12803K, committed 12824K, reserved 1048576K
GC Heap History (20 events):
Event: 7.461 GC heap before
{Heap before GC invocations=12 (full 0):
 garbage-first heap   total 157696K, used 110459K [0x0000000780000000, 0x0000000800000000)
  region size 1024K, 73 young (74752K), 7 survivors (7168K)
 Metaspace       used 53357K, capacity 54924K, committed 55196K, reserved 1097728K
  class space    used 6799K, capacity 7407K, committed 7448K, reserved 1048576K
}
Event: 7.473 GC heap after
{Heap after GC invocations=13 (full 0):
 garbage-first heap   total 157696K, used 54863K [0x0000000780000000, 0x0000000800000000)
  region size 1024K, 10 young (10240K), 10 survivors (10240K)
 Metaspace       used 53357K, capacity 54924K, committed 55196K, reserved 1097728K
  class space    used 6799K, capacity 7407K, committed 7448K, reserved 1048576K
}
Event: 8.404 GC heap before
{Heap before GC invocations=13 (full 0):
 garbage-first heap   total 157696K, used 117327K [0x0000000780000000, 0x0000000800000000)
  region size 1024K, 66 young (67584K), 10 survivors (10240K)
 Metaspace       used 60450K, capacity 62173K, committed 62492K, reserved 1103872K
  class space    used 7629K, capacity 8293K, committed 8344K, reserved 1048576K
}
Event: 8.413 GC heap after
{Heap after GC invocations=14 (full 0):
 garbage-first heap   total 189440K, used 65287K [0x0000000780000000, 0x0000000800000000)
  region size 1024K, 7 young (7168K), 7 survivors (7168K)
 Metaspace       used 60450K, capacity 62173K, committed 62492K, reserved 1103872K
  class space    used 7629K, capacity 8293K, committed 8344K, reserved 1048576K
}
Event: 9.522 GC heap before
{Heap before GC invocations=14 (full 0):
 garbage-first heap   total 189440K, used 133895K [0x0000000780000000, 0x0000000800000000)
  region size 1024K, 71 young (72704K), 7 survivors (7168K)
 Metaspace       used 65588K, capacity 67440K, committed 67868K, reserved 1107968K
  class space    used 8287K, capacity 9002K, committed 9112K, reserved 1048576K
}
Event: 9.528 GC heap after
{Heap after GC invocations=15 (full 0):
 garbage-first heap   total 189440K, used 64627K [0x0000000780000000, 0x0000000800000000)
  region size 1024K, 5 young (5120K), 5 survivors (5120K)
 Metaspace       used 65588K, capacity 67440K, committed 67868K, reserved 1107968K
  class space    used 8287K, capacity 9002K, committed 9112K, reserved 1048576K
}
Event: 9.747 GC heap before
{Heap before GC invocations=15 (full 0):
 garbage-first heap   total 189440K, used 73843K [0x0000000780000000, 0x0000000800000000)
  region size 1024K, 15 young (15360K), 5 survivors (5120K)
 Metaspace       used 67269K, capacity 69088K, committed 69276K, reserved 1110016K
  class space    used 8490K, capacity 9186K, committed 9240K, reserved 1048576K
}
Event: 9.752 GC heap after
{Heap after GC invocations=16 (full 0):
 garbage-first heap   total 189440K, used 65182K [0x0000000780000000, 0x0000000800000000)
  region size 1024K, 5 young (5120K), 5 survivors (5120K)
 Metaspace       used 67269K, capacity 69088K, committed 69276K, reserved 1110016K
  class space    used 8490K, capacity 9186K, committed 9240K, reserved 1048576K
}
Event: 10.368 GC heap before
{Heap before GC invocations=17 (full 0):
 garbage-first heap   total 189440K, used 135838K [0x0000000780000000, 0x0000000800000000)
  region size 1024K, 74 young (75776K), 5 survivors (5120K)
 Metaspace       used 69107K, capacity 70933K, committed 71324K, reserved 1112064K
  class space    used 8722K, capacity 9410K, committed 9496K, reserved 1048576K
}
Event: 10.377 GC heap after
{Heap after GC invocations=18 (full 0):
 garbage-first heap   total 189440K, used 69887K [0x0000000780000000, 0x0000000800000000)
  region size 1024K, 10 young (10240K), 10 survivors (10240K)
 Metaspace       used 69107K, capacity 70933K, committed 71324K, reserved 1112064K
  class space    used 8722K, capacity 9410K, committed 9496K, reserved 1048576K
}
Event: 11.803 GC heap before
{Heap before GC invocations=18 (full 0):
 garbage-first heap   total 189440K, used 140543K [0x0000000780000000, 0x0000000800000000)
  region size 1024K, 79 young (80896K), 10 survivors (10240K)
 Metaspace       used 76849K, capacity 78870K, committed 79260K, reserved 1118208K
  class space    used 9934K, capacity 10700K, committed 10776K, reserved 1048576K
}
Event: 11.815 GC heap after
{Heap after GC invocations=19 (full 0):
 garbage-first heap   total 189440K, used 73801K [0x0000000780000000, 0x0000000800000000)
  region size 1024K, 9 young (9216K), 9 survivors (9216K)
 Metaspace       used 76849K, capacity 78870K, committed 79260K, reserved 1118208K
  class space    used 9934K, capacity 10700K, committed 10776K, reserved 1048576K
}
Event: 13.163 GC heap before
{Heap before GC invocations=19 (full 0):
 garbage-first heap   total 189440K, used 144457K [0x0000000780000000, 0x0000000800000000)
  region size 1024K, 78 young (79872K), 9 survivors (9216K)
 Metaspace       used 84114K, capacity 86217K, committed 86428K, reserved 1124352K
  class space    used 10935K, capacity 11773K, committed 11800K, reserved 1048576K
}
Event: 13.173 GC heap after
{Heap after GC invocations=20 (full 0):
 garbage-first heap   total 189440K, used 77989K [0x0000000780000000, 0x0000000800000000)
  region size 1024K, 9 young (9216K), 9 survivors (9216K)
 Metaspace       used 84114K, capacity 86217K, committed 86428K, reserved 1124352K
  class space    used 10935K, capacity 11773K, committed 11800K, reserved 1048576K
}
Event: 13.910 GC heap before
{Heap before GC invocations=20 (full 0):
 garbage-first heap   total 189440K, used 147621K [0x0000000780000000, 0x0000000800000000)
  region size 1024K, 77 young (78848K), 9 survivors (9216K)
 Metaspace       used 86737K, capacity 88895K, committed 89116K, reserved 1126400K
  class space    used 11255K, capacity 12100K, committed 12184K, reserved 1048576K
}
Event: 13.922 GC heap after
{Heap after GC invocations=21 (full 0):
 garbage-first heap   total 189440K, used 84992K [0x0000000780000000, 0x0000000800000000)
  region size 1024K, 10 young (10240K), 10 survivors (10240K)
 Metaspace       used 86737K, capacity 88895K, committed 89116K, reserved 1126400K
  class space    used 11255K, capacity 12100K, committed 12184K, reserved 1048576K
}
Event: 14.489 GC heap before
{Heap before GC invocations=21 (full 0):
 garbage-first heap   total 189440K, used 149504K [0x0000000780000000, 0x0000000800000000)
  region size 1024K, 74 young (75776K), 10 survivors (10240K)
 Metaspace       used 89569K, capacity 91965K, committed 92060K, reserved 1128448K
  class space    used 11609K, capacity 12515K, committed 12568K, reserved 1048576K
}
Event: 14.509 GC heap after
{Heap after GC invocations=22 (full 0):
 garbage-first heap   total 189440K, used 94794K [0x0000000780000000, 0x0000000800000000)
  region size 1024K, 10 young (10240K), 10 survivors (10240K)
 Metaspace       used 89569K, capacity 91965K, committed 92060K, reserved 1128448K
  class space    used 11609K, capacity 12515K, committed 12568K, reserved 1048576K
}
Event: 15.073 GC heap before
{Heap before GC invocations=22 (full 0):
 garbage-first heap   total 189440K, used 150090K [0x0000000780000000, 0x0000000800000000)
  region size 1024K, 65 young (66560K), 10 survivors (10240K)
 Metaspace       used 91146K, capacity 93758K, committed 93852K, reserved 1130496K
  class space    used 11801K, capacity 12801K, committed 12824K, reserved 1048576K
}
Event: 15.085 GC heap after
{Heap after GC invocations=23 (full 0):
 garbage-first heap   total 189440K, used 101622K [0x0000000780000000, 0x0000000800000000)
  region size 1024K, 7 young (7168K), 7 survivors (7168K)
 Metaspace       used 91146K, capacity 93758K, committed 93852K, reserved 1130496K
  class space    used 11801K, capacity 12801K, committed 12824K, reserved 1048576K
}

